<?xml version="1.0" encoding="UTF-8"?>
<!-- Generated by org.testng.reporters.JUnitReportReporter -->
<testsuite skipped="0" hostname="harshit-Latitude-3470" name="demo.login" tests="4" failures="0" timestamp="30 Aug 2017 09:35:51 GMT" time="19.949" errors="0">
  <testcase name="verifyname" time="1.176" classname="demo.login"/>
  <testcase name="iphone6" time="4.743" classname="demo.login"/>
  <testcase name="openurl" time="13.343" classname="demo.login"/>
  <testcase name="iphone" time="0.687" classname="demo.login"/>
</testsuite> <!-- demo.login -->
